{
  "RSpec": {
    "coverage": {
      "/home/nejed/Desktop/chat_web_application/app/models/user.rb": [
        1,
        1,
        null,
        null,
        1,
        1,
        1,
        1,
        null,
        null
      ],
      "/home/nejed/Desktop/chat_web_application/app/models/application_record.rb": [
        1,
        1,
        null
      ],
      "/home/nejed/Desktop/chat_web_application/app/helpers/application_helper.rb": [
        1,
        null
      ],
      "/home/nejed/Desktop/chat_web_application/app/helpers/room_messages_helper.rb": [
        1,
        null
      ],
      "/home/nejed/Desktop/chat_web_application/app/helpers/rooms_helper.rb": [
        1,
        null
      ],
      "/home/nejed/Desktop/chat_web_application/app/controllers/rooms_controller.rb": [
        1,
        1,
        1,
        null,
        null,
        1,
        1,
        null,
        1,
        1,
        1,
        1,
        1,
        1,
        1,
        1,
        null,
        null,
        1,
        1,
        1,
        null,
        null,
        1,
        1,
        null,
        null,
        1,
        2,
        2,
        1,
        1,
        1,
        null,
        0,
        null,
        null,
        null,
        1,
        0,
        0,
        null,
        0,
        null,
        null,
        null,
        null,
        null,
        1,
        1,
        1,
        1,
        null,
        1,
        2,
        1,
        null,
        null,
        null,
        null,
        null,
        1,
        0,
        0,
        0,
        null,
        null,
        null,
        1,
        0,
        null,
        null,
        1,
        null,
        1,
        null,
        1,
        2,
        null,
        null,
        null
      ],
      "/home/nejed/Desktop/chat_web_application/app/controllers/application_controller.rb": [
        1,
        1,
        null,
        1,
        1,
        null,
        1,
        0,
        null,
        null,
        1,
        0,
        null,
        null
      ],
      "/home/nejed/Desktop/chat_web_application/app/models/room_message.rb": [
        1,
        1,
        1,
        null,
        1,
        0,
        null,
        null
      ],
      "/home/nejed/Desktop/chat_web_application/app/models/room.rb": [
        1,
        1,
        1,
        1,
        null,
        1,
        null
      ],
      "/home/nejed/Desktop/chat_web_application/app/models/user_room.rb": [
        1,
        1,
        1,
        null
      ],
      "/home/nejed/Desktop/chat_web_application/app/models/ability.rb": [
        null,
        null,
        1,
        1,
        null,
        1,
        null,
        null,
        null,
        null,
        null,
        null,
        null,
        null,
        null,
        null,
        null,
        null,
        null,
        null,
        null,
        null,
        null,
        null,
        null,
        null,
        null,
        null,
        null,
        null,
        null,
        null,
        5,
        5,
        5,
        null,
        5,
        5,
        null,
        null,
        null,
        null,
        null
      ],
      "/home/nejed/Desktop/chat_web_application/app/controllers/room_messages_controller.rb": [
        0,
        0,
        null,
        0,
        0,
        0,
        0,
        0,
        0,
        null,
        0,
        null,
        0,
        0,
        0,
        0
      ],
      "/home/nejed/Desktop/chat_web_application/app/channels/application_cable/channel.rb": [
        0,
        0,
        0,
        0
      ],
      "/home/nejed/Desktop/chat_web_application/app/channels/application_cable/connection.rb": [
        0,
        0,
        0,
        null,
        0,
        0,
        0,
        0,
        null,
        0,
        null,
        0,
        0,
        0,
        0,
        0,
        0,
        0,
        0,
        0
      ],
      "/home/nejed/Desktop/chat_web_application/app/channels/room_channel.rb": [
        0,
        0,
        0,
        0,
        null,
        0,
        0,
        null,
        0,
        0
      ]
    },
    "timestamp": 1568628402
  }
}
